[2026-01-02 06:50:52] ERROR: Error [2]: Trying to access array offset on null in /www/wwwroot/test.mymultibranch.com/views/dashboard/index.php on line 28 
[2026-01-02 06:50:56] ERROR: Error [2]: Trying to access array offset on null in /www/wwwroot/test.mymultibranch.com/views/dashboard/index.php on line 28 
[2026-01-02 06:54:22] INFO: Routing: GET /dashboard {"REQUEST_URI":"\/dashboard","GET[url]":"dashboard","REDIRECT_URL":"\/dashboard"}
[2026-01-02 06:55:23] INFO: Routing: GET /dashboard {"REQUEST_URI":"\/dashboard","GET[url]":"dashboard","REDIRECT_URL":"\/dashboard"}
[2026-01-02 06:55:28] INFO: Routing: GET / {"REQUEST_URI":"\/","GET[url]":"not set","REDIRECT_URL":"not set"}
[2026-01-02 06:55:29] INFO: Routing: GET /dashboard {"REQUEST_URI":"\/dashboard","GET[url]":"dashboard","REDIRECT_URL":"\/dashboard"}
[2026-01-02 06:56:38] INFO: Routing: GET /dashboard {"REQUEST_URI":"\/dashboard","GET[url]":"dashboard","REDIRECT_URL":"\/dashboard"}
[2026-01-02 06:56:43] INFO: Routing: GET /dashboard {"REQUEST_URI":"\/dashboard","GET[url]":"dashboard","REDIRECT_URL":"\/dashboard"}
[2026-01-02 06:56:45] INFO: Routing: GET /admin {"REQUEST_URI":"\/admin","GET[url]":"admin","REDIRECT_URL":"\/admin"}
[2026-01-02 06:56:45] INFO: Routing: GET /css/admin-responsive.css {"REQUEST_URI":"\/css\/admin-responsive.css","GET[url]":"css\/admin-responsive.css","REDIRECT_URL":"\/css\/admin-responsive.css"}
[2026-01-02 06:56:52] INFO: Routing: GET / {"REQUEST_URI":"\/","GET[url]":"not set","REDIRECT_URL":"not set"}
[2026-01-02 06:56:52] INFO: Routing: GET /dashboard {"REQUEST_URI":"\/dashboard","GET[url]":"dashboard","REDIRECT_URL":"\/dashboard"}
[2026-01-02 07:02:25] ERROR: Database connection failed: SQLSTATE[HY000] [1045] Access denied for user 'root'@'localhost' (using password: NO) 
[2026-01-02 07:02:25] ERROR: Exception: Database connection failed {"file":"\/www\/wwwroot\/test.mymultibranch.com\/core\/Database.php","line":65,"trace":"#0 \/www\/wwwroot\/test.mymultibranch.com\/core\/Database.php(25): Core\\Database->connect()\n#1 \/www\/wwwroot\/test.mymultibranch.com\/core\/Database.php(34): Core\\Database->__construct()\n#2 \/www\/wwwroot\/test.mymultibranch.com\/core\/App.php(24): Core\\Database::getInstance()\n#3 \/www\/wwwroot\/test.mymultibranch.com\/index.php(147): Core\\App->__construct()\n#4 {main}"}
[2026-01-02 07:03:20] INFO: Routing: GET /dashboard {"REQUEST_URI":"\/dashboard","GET[url]":"dashboard","REDIRECT_URL":"\/dashboard"}
[2026-01-02 07:03:24] INFO: Routing: GET / {"REQUEST_URI":"\/","GET[url]":"not set","REDIRECT_URL":"not set"}
[2026-01-02 07:05:08] INFO: Routing: GET / {"REQUEST_URI":"\/","GET[url]":"not set","REDIRECT_URL":"not set"}
[2026-01-02 07:05:14] INFO: Routing: GET /dashboard {"REQUEST_URI":"\/dashboard","GET[url]":"dashboard","REDIRECT_URL":"\/dashboard"}
[2026-01-02 07:05:22] INFO: Routing: GET /login {"REQUEST_URI":"\/login?return=%2Fprojects%2Fproshare%2F","GET[url]":"login","REDIRECT_URL":"\/login"}
[2026-01-02 07:05:22] INFO: Routing: GET /dashboard {"REQUEST_URI":"\/dashboard","GET[url]":"dashboard","REDIRECT_URL":"\/dashboard"}
[2026-01-02 07:05:29] INFO: Routing: GET /login {"REQUEST_URI":"\/login?return=%2Fprojects%2Fproshare%2F","GET[url]":"login","REDIRECT_URL":"\/login"}
[2026-01-02 07:05:30] INFO: Routing: GET /dashboard {"REQUEST_URI":"\/dashboard","GET[url]":"dashboard","REDIRECT_URL":"\/dashboard"}
[2026-01-02 07:05:32] INFO: Routing: GET /favicon.ico {"REQUEST_URI":"\/favicon.ico","GET[url]":"favicon.ico","REDIRECT_URL":"\/favicon.ico"}
[2026-01-02 07:05:34] INFO: Routing: GET /login {"REQUEST_URI":"\/login?return=%2Fprojects%2Fproshare%2F","GET[url]":"login","REDIRECT_URL":"\/login"}
[2026-01-02 07:05:35] INFO: Routing: GET /dashboard {"REQUEST_URI":"\/dashboard","GET[url]":"dashboard","REDIRECT_URL":"\/dashboard"}
[2026-01-02 07:06:29] INFO: Routing: GET /dashboard {"REQUEST_URI":"\/dashboard","GET[url]":"dashboard","REDIRECT_URL":"\/dashboard"}
[2026-01-02 07:11:05] ERROR: Exception: syntax error, unexpected token "<<" {"file":"\/www\/wwwroot\/test.mymultibranch.com\/core\/Router.php","line":104,"trace":"#0 \/www\/wwwroot\/test.mymultibranch.com\/core\/App.php(27): {closure}()\n#1 \/www\/wwwroot\/test.mymultibranch.com\/index.php(147): Core\\App->__construct()\n#2 {main}"}
[2026-01-02 07:11:10] ERROR: Exception: syntax error, unexpected token "<<" {"file":"\/www\/wwwroot\/test.mymultibranch.com\/core\/Router.php","line":104,"trace":"#0 \/www\/wwwroot\/test.mymultibranch.com\/core\/App.php(27): {closure}()\n#1 \/www\/wwwroot\/test.mymultibranch.com\/index.php(147): Core\\App->__construct()\n#2 {main}"}
[2026-01-02 07:11:14] ERROR: Exception: syntax error, unexpected token "<<" {"file":"\/www\/wwwroot\/test.mymultibranch.com\/core\/Router.php","line":104,"trace":"#0 \/www\/wwwroot\/test.mymultibranch.com\/core\/App.php(27): {closure}()\n#1 \/www\/wwwroot\/test.mymultibranch.com\/index.php(147): Core\\App->__construct()\n#2 {main}"}
[2026-01-02 07:13:11] ERROR: Exception: syntax error, unexpected token "<<" {"file":"\/www\/wwwroot\/test.mymultibranch.com\/core\/Router.php","line":104,"trace":"#0 \/www\/wwwroot\/test.mymultibranch.com\/core\/App.php(27): {closure}()\n#1 \/www\/wwwroot\/test.mymultibranch.com\/index.php(147): Core\\App->__construct()\n#2 {main}"}
[2026-01-02 07:13:41] ERROR: Exception: syntax error, unexpected token "<<" {"file":"\/www\/wwwroot\/test.mymultibranch.com\/core\/Router.php","line":104,"trace":"#0 \/www\/wwwroot\/test.mymultibranch.com\/core\/App.php(27): {closure}()\n#1 \/www\/wwwroot\/test.mymultibranch.com\/index.php(147): Core\\App->__construct()\n#2 {main}"}
[2026-01-02 07:14:24] ERROR: Database connection failed: SQLSTATE[HY000] [1045] Access denied for user 'root'@'localhost' (using password: NO) 
[2026-01-02 07:14:24] ERROR: Exception: Database connection failed {"file":"\/www\/wwwroot\/test.mymultibranch.com\/core\/Database.php","line":65,"trace":"#0 \/www\/wwwroot\/test.mymultibranch.com\/core\/Database.php(25): Core\\Database->connect()\n#1 \/www\/wwwroot\/test.mymultibranch.com\/core\/Database.php(34): Core\\Database->__construct()\n#2 \/www\/wwwroot\/test.mymultibranch.com\/core\/App.php(24): Core\\Database::getInstance()\n#3 \/www\/wwwroot\/test.mymultibranch.com\/index.php(147): Core\\App->__construct()\n#4 {main}"}
[2026-01-02 07:16:39] INFO: Routing: GET /dashboard {"REQUEST_URI":"\/dashboard","GET[url]":"dashboard","REDIRECT_URL":"\/dashboard"}
[2026-01-02 07:16:44] INFO: Routing: GET /admin {"REQUEST_URI":"\/admin","GET[url]":"admin","REDIRECT_URL":"\/admin"}
[2026-01-02 07:16:45] INFO: Routing: GET /css/admin-responsive.css {"REQUEST_URI":"\/css\/admin-responsive.css?v=1767338204","GET[url]":"css\/admin-responsive.css","REDIRECT_URL":"\/css\/admin-responsive.css"}
[2026-01-02 07:16:47] INFO: Routing: GET / {"REQUEST_URI":"\/","GET[url]":"not set","REDIRECT_URL":"not set"}
[2026-01-02 07:19:08] INFO: Routing: GET / {"REQUEST_URI":"\/","GET[url]":"not set","REDIRECT_URL":"not set"}
[2026-01-02 07:19:11] INFO: Routing: GET /dashboard {"REQUEST_URI":"\/dashboard","GET[url]":"dashboard","REDIRECT_URL":"\/dashboard"}
[2026-01-02 07:22:42] INFO: Routing: GET /login {"REQUEST_URI":"\/login?return=%2Fprojects%2Fproshare%2F","GET[url]":"login","REDIRECT_URL":"\/login"}
[2026-01-02 07:22:43] INFO: Routing: GET /dashboard {"REQUEST_URI":"\/dashboard","GET[url]":"dashboard","REDIRECT_URL":"\/dashboard"}
[2026-01-02 07:22:46] INFO: Routing: GET /admin {"REQUEST_URI":"\/admin","GET[url]":"admin","REDIRECT_URL":"\/admin"}
[2026-01-02 07:22:47] INFO: Routing: GET /css/admin-responsive.css {"REQUEST_URI":"\/css\/admin-responsive.css?v=1767338566","GET[url]":"css\/admin-responsive.css","REDIRECT_URL":"\/css\/admin-responsive.css"}
[2026-01-02 07:22:50] INFO: Routing: GET /admin/projects/database-setup {"REQUEST_URI":"\/admin\/projects\/database-setup","GET[url]":"admin\/projects\/database-setup","REDIRECT_URL":"\/admin\/projects\/database-setup"}
[2026-01-02 07:22:51] INFO: Routing: GET /css/admin-responsive.css {"REQUEST_URI":"\/css\/admin-responsive.css?v=1767338570","GET[url]":"css\/admin-responsive.css","REDIRECT_URL":"\/css\/admin-responsive.css"}
[2026-01-02 07:22:54] INFO: Routing: GET /admin/projects/database-setup/codexpro {"REQUEST_URI":"\/admin\/projects\/database-setup\/codexpro","GET[url]":"admin\/projects\/database-setup\/codexpro","REDIRECT_URL":"\/admin\/projects\/database-setup\/codexpro"}
[2026-01-02 07:22:55] INFO: Routing: GET /css/admin-responsive.css {"REQUEST_URI":"\/css\/admin-responsive.css?v=1767338574","GET[url]":"css\/admin-responsive.css","REDIRECT_URL":"\/css\/admin-responsive.css"}
[2026-01-02 07:23:00] INFO: Routing: POST /admin/projects/database-setup/save {"REQUEST_URI":"\/admin\/projects\/database-setup\/save","GET[url]":"admin\/projects\/database-setup\/save","REDIRECT_URL":"\/admin\/projects\/database-setup\/save"}
[2026-01-02 07:23:00] ERROR: Error [2]: chmod(): Operation not permitted in /www/wwwroot/test.mymultibranch.com/controllers/Admin/ProjectDatabaseController.php on line 298 
[2026-01-02 07:23:00] ERROR: Error [2]: file_put_contents(/www/wwwroot/test.mymultibranch.com/config/projects_db.php): Failed to open stream: Permission denied in /www/wwwroot/test.mymultibranch.com/controllers/Admin/ProjectDatabaseController.php on line 303 
[2026-01-02 07:23:01] INFO: Routing: GET /admin/projects/database-setup {"REQUEST_URI":"\/admin\/projects\/database-setup","GET[url]":"admin\/projects\/database-setup","REDIRECT_URL":"\/admin\/projects\/database-setup"}
[2026-01-02 07:23:02] INFO: Routing: GET /css/admin-responsive.css {"REQUEST_URI":"\/css\/admin-responsive.css?v=1767338581","GET[url]":"css\/admin-responsive.css","REDIRECT_URL":"\/css\/admin-responsive.css"}
[2026-01-02 07:23:53] INFO: Routing: GET /admin/projects/database-setup/codexpro {"REQUEST_URI":"\/admin\/projects\/database-setup\/codexpro","GET[url]":"admin\/projects\/database-setup\/codexpro","REDIRECT_URL":"\/admin\/projects\/database-setup\/codexpro"}
[2026-01-02 07:23:54] INFO: Routing: GET /css/admin-responsive.css {"REQUEST_URI":"\/css\/admin-responsive.css?v=1767338633","GET[url]":"css\/admin-responsive.css","REDIRECT_URL":"\/css\/admin-responsive.css"}
[2026-01-02 07:23:59] INFO: Routing: POST /admin/projects/database-setup/save {"REQUEST_URI":"\/admin\/projects\/database-setup\/save","GET[url]":"admin\/projects\/database-setup\/save","REDIRECT_URL":"\/admin\/projects\/database-setup\/save"}
[2026-01-02 07:23:59] ERROR: Error [2]: chmod(): Operation not permitted in /www/wwwroot/test.mymultibranch.com/controllers/Admin/ProjectDatabaseController.php on line 311 
[2026-01-02 07:24:00] INFO: Routing: GET /admin/projects/database-setup {"REQUEST_URI":"\/admin\/projects\/database-setup","GET[url]":"admin\/projects\/database-setup","REDIRECT_URL":"\/admin\/projects\/database-setup"}
[2026-01-02 07:24:00] INFO: Routing: GET /css/admin-responsive.css {"REQUEST_URI":"\/css\/admin-responsive.css?v=1767338640","GET[url]":"css\/admin-responsive.css","REDIRECT_URL":"\/css\/admin-responsive.css"}
[2026-01-02 07:24:02] INFO: Routing: GET /admin/projects/database-setup/imgtxt {"REQUEST_URI":"\/admin\/projects\/database-setup\/imgtxt","GET[url]":"admin\/projects\/database-setup\/imgtxt","REDIRECT_URL":"\/admin\/projects\/database-setup\/imgtxt"}
[2026-01-02 07:24:03] INFO: Routing: GET /css/admin-responsive.css {"REQUEST_URI":"\/css\/admin-responsive.css?v=1767338642","GET[url]":"css\/admin-responsive.css","REDIRECT_URL":"\/css\/admin-responsive.css"}
[2026-01-02 07:24:11] INFO: Routing: GET /admin/projects/database-setup/imgtxt {"REQUEST_URI":"\/admin\/projects\/database-setup\/imgtxt","GET[url]":"admin\/projects\/database-setup\/imgtxt","REDIRECT_URL":"\/admin\/projects\/database-setup\/imgtxt"}
[2026-01-02 07:24:12] INFO: Routing: GET /css/admin-responsive.css {"REQUEST_URI":"\/css\/admin-responsive.css?v=1767338651","GET[url]":"css\/admin-responsive.css","REDIRECT_URL":"\/css\/admin-responsive.css"}
[2026-01-02 07:24:18] INFO: Routing: POST /admin/projects/database-setup/save {"REQUEST_URI":"\/admin\/projects\/database-setup\/save","GET[url]":"admin\/projects\/database-setup\/save","REDIRECT_URL":"\/admin\/projects\/database-setup\/save"}
[2026-01-02 07:24:18] ERROR: Error [2]: chmod(): Operation not permitted in /www/wwwroot/test.mymultibranch.com/controllers/Admin/ProjectDatabaseController.php on line 311 
[2026-01-02 07:24:19] INFO: Routing: GET /admin/projects/database-setup {"REQUEST_URI":"\/admin\/projects\/database-setup","GET[url]":"admin\/projects\/database-setup","REDIRECT_URL":"\/admin\/projects\/database-setup"}
[2026-01-02 07:24:20] INFO: Routing: GET /css/admin-responsive.css {"REQUEST_URI":"\/css\/admin-responsive.css?v=1767338659","GET[url]":"css\/admin-responsive.css","REDIRECT_URL":"\/css\/admin-responsive.css"}
[2026-01-02 07:24:23] INFO: Routing: GET /admin/projects/database-setup/proshare {"REQUEST_URI":"\/admin\/projects\/database-setup\/proshare","GET[url]":"admin\/projects\/database-setup\/proshare","REDIRECT_URL":"\/admin\/projects\/database-setup\/proshare"}
[2026-01-02 07:24:24] INFO: Routing: GET /css/admin-responsive.css {"REQUEST_URI":"\/css\/admin-responsive.css?v=1767338663","GET[url]":"css\/admin-responsive.css","REDIRECT_URL":"\/css\/admin-responsive.css"}
[2026-01-02 07:24:28] INFO: Routing: POST /admin/projects/database-setup/save {"REQUEST_URI":"\/admin\/projects\/database-setup\/save","GET[url]":"admin\/projects\/database-setup\/save","REDIRECT_URL":"\/admin\/projects\/database-setup\/save"}
[2026-01-02 07:24:28] ERROR: Error [2]: chmod(): Operation not permitted in /www/wwwroot/test.mymultibranch.com/controllers/Admin/ProjectDatabaseController.php on line 311 
[2026-01-02 07:24:29] INFO: Routing: GET /admin/projects/database-setup {"REQUEST_URI":"\/admin\/projects\/database-setup","GET[url]":"admin\/projects\/database-setup","REDIRECT_URL":"\/admin\/projects\/database-setup"}
[2026-01-02 07:24:30] INFO: Routing: GET /css/admin-responsive.css {"REQUEST_URI":"\/css\/admin-responsive.css?v=1767338669","GET[url]":"css\/admin-responsive.css","REDIRECT_URL":"\/css\/admin-responsive.css"}
[2026-01-02 07:24:31] INFO: Routing: GET / {"REQUEST_URI":"\/","GET[url]":"not set","REDIRECT_URL":"not set"}
[2026-01-02 07:26:15] ERROR: Exception: syntax error, unexpected token "<<" {"file":"\/www\/wwwroot\/test.mymultibranch.com\/core\/Router.php","line":104,"trace":"#0 \/www\/wwwroot\/test.mymultibranch.com\/core\/App.php(27): {closure}()\n#1 \/www\/wwwroot\/test.mymultibranch.com\/index.php(147): Core\\App->__construct()\n#2 {main}"}
[2026-01-02 07:27:41] ERROR: Exception: syntax error, unexpected token "<<" {"file":"\/www\/wwwroot\/test.mymultibranch.com\/core\/Router.php","line":104,"trace":"#0 \/www\/wwwroot\/test.mymultibranch.com\/core\/App.php(27): {closure}()\n#1 \/www\/wwwroot\/test.mymultibranch.com\/index.php(147): Core\\App->__construct()\n#2 {main}"}
[2026-01-02 07:29:22] ERROR: Database connection failed: SQLSTATE[HY000] [1045] Access denied for user 'root'@'localhost' (using password: NO) 
[2026-01-02 07:29:22] ERROR: Exception: Database connection failed {"file":"\/www\/wwwroot\/test.mymultibranch.com\/core\/Database.php","line":65,"trace":"#0 \/www\/wwwroot\/test.mymultibranch.com\/core\/Database.php(25): Core\\Database->connect()\n#1 \/www\/wwwroot\/test.mymultibranch.com\/core\/Database.php(34): Core\\Database->__construct()\n#2 \/www\/wwwroot\/test.mymultibranch.com\/core\/App.php(24): Core\\Database::getInstance()\n#3 \/www\/wwwroot\/test.mymultibranch.com\/index.php(147): Core\\App->__construct()\n#4 {main}"}
[2026-01-02 07:29:54] INFO: Routing: GET / {"REQUEST_URI":"\/","GET[url]":"not set","REDIRECT_URL":"not set"}
[2026-01-02 07:30:03] ERROR: Error [2]: Undefined array key "value" in /www/wwwroot/test.mymultibranch.com/views/home.php on line 221 
[2026-01-02 07:30:03] ERROR: Error [8192]: htmlspecialchars(): Passing null to parameter #1 ($string) of type string is deprecated in /www/wwwroot/test.mymultibranch.com/views/home.php on line 221 
[2026-01-02 07:30:03] ERROR: Error [2]: Undefined array key "value" in /www/wwwroot/test.mymultibranch.com/views/home.php on line 221 
[2026-01-02 07:30:03] ERROR: Error [8192]: htmlspecialchars(): Passing null to parameter #1 ($string) of type string is deprecated in /www/wwwroot/test.mymultibranch.com/views/home.php on line 221 
[2026-01-02 07:30:03] ERROR: Error [2]: Undefined array key "value" in /www/wwwroot/test.mymultibranch.com/views/home.php on line 221 
[2026-01-02 07:30:03] ERROR: Error [8192]: htmlspecialchars(): Passing null to parameter #1 ($string) of type string is deprecated in /www/wwwroot/test.mymultibranch.com/views/home.php on line 221 
[2026-01-02 07:30:03] ERROR: Error [2]: Undefined array key "value" in /www/wwwroot/test.mymultibranch.com/views/home.php on line 221 
[2026-01-02 07:30:03] ERROR: Error [8192]: htmlspecialchars(): Passing null to parameter #1 ($string) of type string is deprecated in /www/wwwroot/test.mymultibranch.com/views/home.php on line 221 
[2026-01-02 07:30:09] INFO: Routing: GET /login {"REQUEST_URI":"\/login","GET[url]":"login","REDIRECT_URL":"\/login"}
[2026-01-02 07:30:09] INFO: Routing: GET /dashboard {"REQUEST_URI":"\/dashboard","GET[url]":"dashboard","REDIRECT_URL":"\/dashboard"}
[2026-01-02 07:30:30] INFO: Routing: GET /login {"REQUEST_URI":"\/login?return=%2Fprojects%2Fcodexpro%2F","GET[url]":"login","REDIRECT_URL":"\/login"}
[2026-01-02 07:30:30] INFO: Routing: GET /dashboard {"REQUEST_URI":"\/dashboard","GET[url]":"dashboard","REDIRECT_URL":"\/dashboard"}
[2026-01-02 07:30:37] INFO: Routing: GET / {"REQUEST_URI":"\/","GET[url]":"not set","REDIRECT_URL":"not set"}
[2026-01-02 07:30:37] ERROR: Error [2]: Undefined array key "value" in /www/wwwroot/test.mymultibranch.com/views/home.php on line 221 
[2026-01-02 07:30:37] ERROR: Error [8192]: htmlspecialchars(): Passing null to parameter #1 ($string) of type string is deprecated in /www/wwwroot/test.mymultibranch.com/views/home.php on line 221 
[2026-01-02 07:30:37] ERROR: Error [2]: Undefined array key "value" in /www/wwwroot/test.mymultibranch.com/views/home.php on line 221 
[2026-01-02 07:30:37] ERROR: Error [8192]: htmlspecialchars(): Passing null to parameter #1 ($string) of type string is deprecated in /www/wwwroot/test.mymultibranch.com/views/home.php on line 221 
[2026-01-02 07:30:37] ERROR: Error [2]: Undefined array key "value" in /www/wwwroot/test.mymultibranch.com/views/home.php on line 221 
[2026-01-02 07:30:37] ERROR: Error [8192]: htmlspecialchars(): Passing null to parameter #1 ($string) of type string is deprecated in /www/wwwroot/test.mymultibranch.com/views/home.php on line 221 
[2026-01-02 07:30:37] ERROR: Error [2]: Undefined array key "value" in /www/wwwroot/test.mymultibranch.com/views/home.php on line 221 
[2026-01-02 07:30:37] ERROR: Error [8192]: htmlspecialchars(): Passing null to parameter #1 ($string) of type string is deprecated in /www/wwwroot/test.mymultibranch.com/views/home.php on line 221 
[2026-01-02 07:30:49] INFO: Routing: GET /profile {"REQUEST_URI":"\/profile","GET[url]":"profile","REDIRECT_URL":"\/profile"}
[2026-01-02 07:30:52] INFO: Routing: GET /dashboard {"REQUEST_URI":"\/dashboard","GET[url]":"dashboard","REDIRECT_URL":"\/dashboard"}
[2026-01-02 07:30:56] INFO: Routing: GET /admin {"REQUEST_URI":"\/admin","GET[url]":"admin","REDIRECT_URL":"\/admin"}
[2026-01-02 07:30:56] INFO: Routing: GET /css/admin-responsive.css {"REQUEST_URI":"\/css\/admin-responsive.css?v=1767339056","GET[url]":"css\/admin-responsive.css","REDIRECT_URL":"\/css\/admin-responsive.css"}
[2026-01-02 07:31:07] INFO: Routing: GET /admin/performance/cache {"REQUEST_URI":"\/admin\/performance\/cache","GET[url]":"admin\/performance\/cache","REDIRECT_URL":"\/admin\/performance\/cache"}
[2026-01-02 07:31:07] INFO: Routing: GET /css/admin-responsive.css {"REQUEST_URI":"\/css\/admin-responsive.css?v=1767339067","GET[url]":"css\/admin-responsive.css","REDIRECT_URL":"\/css\/admin-responsive.css"}
[2026-01-02 07:31:12] INFO: Routing: GET /admin/home-content {"REQUEST_URI":"\/admin\/home-content","GET[url]":"admin\/home-content","REDIRECT_URL":"\/admin\/home-content"}
[2026-01-02 07:31:13] INFO: Routing: GET /css/admin-responsive.css {"REQUEST_URI":"\/css\/admin-responsive.css?v=1767339072","GET[url]":"css\/admin-responsive.css","REDIRECT_URL":"\/css\/admin-responsive.css"}
[2026-01-02 07:31:24] INFO: Routing: GET / {"REQUEST_URI":"\/","GET[url]":"not set","REDIRECT_URL":"not set"}
[2026-01-02 07:31:24] ERROR: Error [2]: Undefined array key "value" in /www/wwwroot/test.mymultibranch.com/views/home.php on line 221 
[2026-01-02 07:31:24] ERROR: Error [8192]: htmlspecialchars(): Passing null to parameter #1 ($string) of type string is deprecated in /www/wwwroot/test.mymultibranch.com/views/home.php on line 221 
[2026-01-02 07:31:24] ERROR: Error [2]: Undefined array key "value" in /www/wwwroot/test.mymultibranch.com/views/home.php on line 221 
[2026-01-02 07:31:24] ERROR: Error [8192]: htmlspecialchars(): Passing null to parameter #1 ($string) of type string is deprecated in /www/wwwroot/test.mymultibranch.com/views/home.php on line 221 
[2026-01-02 07:31:24] ERROR: Error [2]: Undefined array key "value" in /www/wwwroot/test.mymultibranch.com/views/home.php on line 221 
[2026-01-02 07:31:24] ERROR: Error [8192]: htmlspecialchars(): Passing null to parameter #1 ($string) of type string is deprecated in /www/wwwroot/test.mymultibranch.com/views/home.php on line 221 
[2026-01-02 07:31:24] ERROR: Error [2]: Undefined array key "value" in /www/wwwroot/test.mymultibranch.com/views/home.php on line 221 
[2026-01-02 07:31:24] ERROR: Error [8192]: htmlspecialchars(): Passing null to parameter #1 ($string) of type string is deprecated in /www/wwwroot/test.mymultibranch.com/views/home.php on line 221 
[2026-01-02 07:31:38] INFO: Routing: GET /login {"REQUEST_URI":"\/login?redirect=%2Fprojects%2Fqr","GET[url]":"login","REDIRECT_URL":"\/login"}
[2026-01-02 07:31:39] INFO: Routing: GET /dashboard {"REQUEST_URI":"\/dashboard","GET[url]":"dashboard","REDIRECT_URL":"\/dashboard"}
[2026-01-02 07:34:01] INFO: Routing: GET / {"REQUEST_URI":"\/","GET[url]":"not set","REDIRECT_URL":"not set"}
[2026-01-02 07:34:01] ERROR: Error [2]: Undefined array key "value" in /www/wwwroot/test.mymultibranch.com/views/home.php on line 221 
[2026-01-02 07:34:01] ERROR: Error [8192]: htmlspecialchars(): Passing null to parameter #1 ($string) of type string is deprecated in /www/wwwroot/test.mymultibranch.com/views/home.php on line 221 
[2026-01-02 07:34:01] ERROR: Error [2]: Undefined array key "value" in /www/wwwroot/test.mymultibranch.com/views/home.php on line 221 
[2026-01-02 07:34:01] ERROR: Error [8192]: htmlspecialchars(): Passing null to parameter #1 ($string) of type string is deprecated in /www/wwwroot/test.mymultibranch.com/views/home.php on line 221 
[2026-01-02 07:34:01] ERROR: Error [2]: Undefined array key "value" in /www/wwwroot/test.mymultibranch.com/views/home.php on line 221 
[2026-01-02 07:34:01] ERROR: Error [8192]: htmlspecialchars(): Passing null to parameter #1 ($string) of type string is deprecated in /www/wwwroot/test.mymultibranch.com/views/home.php on line 221 
[2026-01-02 07:34:01] ERROR: Error [2]: Undefined array key "value" in /www/wwwroot/test.mymultibranch.com/views/home.php on line 221 
[2026-01-02 07:34:01] ERROR: Error [8192]: htmlspecialchars(): Passing null to parameter #1 ($string) of type string is deprecated in /www/wwwroot/test.mymultibranch.com/views/home.php on line 221 
[2026-01-02 07:34:26] INFO: Routing: POST /admin/home-content/section {"REQUEST_URI":"\/admin\/home-content\/section","GET[url]":"admin\/home-content\/section","REDIRECT_URL":"\/admin\/home-content\/section"}
[2026-01-02 07:34:26] INFO: Section heading updated {"user_id":3,"section":"timeline"}
[2026-01-02 07:34:28] INFO: Routing: GET /admin/home-content {"REQUEST_URI":"\/admin\/home-content","GET[url]":"admin\/home-content","REDIRECT_URL":"\/admin\/home-content"}
[2026-01-02 07:34:28] INFO: Routing: GET /css/admin-responsive.css {"REQUEST_URI":"\/css\/admin-responsive.css?v=1767339268","GET[url]":"css\/admin-responsive.css","REDIRECT_URL":"\/css\/admin-responsive.css"}
[2026-01-02 07:34:30] INFO: Routing: GET / {"REQUEST_URI":"\/","GET[url]":"not set","REDIRECT_URL":"not set"}
[2026-01-02 07:34:30] ERROR: Error [2]: Undefined array key "value" in /www/wwwroot/test.mymultibranch.com/views/home.php on line 221 
[2026-01-02 07:34:30] ERROR: Error [8192]: htmlspecialchars(): Passing null to parameter #1 ($string) of type string is deprecated in /www/wwwroot/test.mymultibranch.com/views/home.php on line 221 
[2026-01-02 07:34:30] ERROR: Error [2]: Undefined array key "value" in /www/wwwroot/test.mymultibranch.com/views/home.php on line 221 
[2026-01-02 07:34:30] ERROR: Error [8192]: htmlspecialchars(): Passing null to parameter #1 ($string) of type string is deprecated in /www/wwwroot/test.mymultibranch.com/views/home.php on line 221 
[2026-01-02 07:34:30] ERROR: Error [2]: Undefined array key "value" in /www/wwwroot/test.mymultibranch.com/views/home.php on line 221 
[2026-01-02 07:34:30] ERROR: Error [8192]: htmlspecialchars(): Passing null to parameter #1 ($string) of type string is deprecated in /www/wwwroot/test.mymultibranch.com/views/home.php on line 221 
[2026-01-02 07:34:30] ERROR: Error [2]: Undefined array key "value" in /www/wwwroot/test.mymultibranch.com/views/home.php on line 221 
[2026-01-02 07:34:30] ERROR: Error [8192]: htmlspecialchars(): Passing null to parameter #1 ($string) of type string is deprecated in /www/wwwroot/test.mymultibranch.com/views/home.php on line 221 
[2026-01-02 07:34:40] INFO: Routing: POST /admin/home-content/section {"REQUEST_URI":"\/admin\/home-content\/section","GET[url]":"admin\/home-content\/section","REDIRECT_URL":"\/admin\/home-content\/section"}
[2026-01-02 07:34:41] INFO: Section heading updated {"user_id":3,"section":"timeline"}
[2026-01-02 07:34:42] INFO: Routing: GET /admin/home-content {"REQUEST_URI":"\/admin\/home-content","GET[url]":"admin\/home-content","REDIRECT_URL":"\/admin\/home-content"}
[2026-01-02 07:34:43] INFO: Routing: GET /css/admin-responsive.css {"REQUEST_URI":"\/css\/admin-responsive.css?v=1767339282","GET[url]":"css\/admin-responsive.css","REDIRECT_URL":"\/css\/admin-responsive.css"}
[2026-01-02 07:35:48] INFO: Routing: GET / {"REQUEST_URI":"\/","GET[url]":"not set","REDIRECT_URL":"not set"}
[2026-01-02 07:35:48] ERROR: Error [2]: Undefined array key "value" in /www/wwwroot/test.mymultibranch.com/views/home.php on line 221 
[2026-01-02 07:35:48] ERROR: Error [8192]: htmlspecialchars(): Passing null to parameter #1 ($string) of type string is deprecated in /www/wwwroot/test.mymultibranch.com/views/home.php on line 221 
[2026-01-02 07:35:48] ERROR: Error [2]: Undefined array key "value" in /www/wwwroot/test.mymultibranch.com/views/home.php on line 221 
[2026-01-02 07:35:48] ERROR: Error [8192]: htmlspecialchars(): Passing null to parameter #1 ($string) of type string is deprecated in /www/wwwroot/test.mymultibranch.com/views/home.php on line 221 
[2026-01-02 07:35:48] ERROR: Error [2]: Undefined array key "value" in /www/wwwroot/test.mymultibranch.com/views/home.php on line 221 
[2026-01-02 07:35:48] ERROR: Error [8192]: htmlspecialchars(): Passing null to parameter #1 ($string) of type string is deprecated in /www/wwwroot/test.mymultibranch.com/views/home.php on line 221 
[2026-01-02 07:35:48] ERROR: Error [2]: Undefined array key "value" in /www/wwwroot/test.mymultibranch.com/views/home.php on line 221 
[2026-01-02 07:35:48] ERROR: Error [8192]: htmlspecialchars(): Passing null to parameter #1 ($string) of type string is deprecated in /www/wwwroot/test.mymultibranch.com/views/home.php on line 221 
[2026-01-02 07:36:20] INFO: Routing: GET /login {"REQUEST_URI":"\/login?return=%2Fprojects%2Fcodexpro%2F","GET[url]":"login","REDIRECT_URL":"\/login"}
[2026-01-02 07:36:20] INFO: Routing: GET /dashboard {"REQUEST_URI":"\/dashboard","GET[url]":"dashboard","REDIRECT_URL":"\/dashboard"}
[2026-01-02 07:36:45] INFO: Routing: GET / {"REQUEST_URI":"\/","GET[url]":"not set","REDIRECT_URL":"not set"}
[2026-01-02 07:36:45] ERROR: Error [2]: Undefined array key "value" in /www/wwwroot/test.mymultibranch.com/views/home.php on line 221 
[2026-01-02 07:36:45] ERROR: Error [8192]: htmlspecialchars(): Passing null to parameter #1 ($string) of type string is deprecated in /www/wwwroot/test.mymultibranch.com/views/home.php on line 221 
[2026-01-02 07:36:45] ERROR: Error [2]: Undefined array key "value" in /www/wwwroot/test.mymultibranch.com/views/home.php on line 221 
[2026-01-02 07:36:45] ERROR: Error [8192]: htmlspecialchars(): Passing null to parameter #1 ($string) of type string is deprecated in /www/wwwroot/test.mymultibranch.com/views/home.php on line 221 
[2026-01-02 07:36:45] ERROR: Error [2]: Undefined array key "value" in /www/wwwroot/test.mymultibranch.com/views/home.php on line 221 
[2026-01-02 07:36:45] ERROR: Error [8192]: htmlspecialchars(): Passing null to parameter #1 ($string) of type string is deprecated in /www/wwwroot/test.mymultibranch.com/views/home.php on line 221 
[2026-01-02 07:36:45] ERROR: Error [2]: Undefined array key "value" in /www/wwwroot/test.mymultibranch.com/views/home.php on line 221 
[2026-01-02 07:36:45] ERROR: Error [8192]: htmlspecialchars(): Passing null to parameter #1 ($string) of type string is deprecated in /www/wwwroot/test.mymultibranch.com/views/home.php on line 221 
[2026-01-02 07:38:22] INFO: Routing: GET /admin/projects/database-setup {"REQUEST_URI":"\/admin\/projects\/database-setup","GET[url]":"admin\/projects\/database-setup","REDIRECT_URL":"\/admin\/projects\/database-setup"}
[2026-01-02 07:38:23] INFO: Routing: GET /css/admin-responsive.css {"REQUEST_URI":"\/css\/admin-responsive.css?v=1767339502","GET[url]":"css\/admin-responsive.css","REDIRECT_URL":"\/css\/admin-responsive.css"}
[2026-01-02 07:38:25] INFO: Routing: GET /admin/projects/database-setup/codexpro {"REQUEST_URI":"\/admin\/projects\/database-setup\/codexpro","GET[url]":"admin\/projects\/database-setup\/codexpro","REDIRECT_URL":"\/admin\/projects\/database-setup\/codexpro"}
[2026-01-02 07:38:25] INFO: Routing: GET /css/admin-responsive.css {"REQUEST_URI":"\/css\/admin-responsive.css?v=1767339505","GET[url]":"css\/admin-responsive.css","REDIRECT_URL":"\/css\/admin-responsive.css"}
[2026-01-02 07:38:30] INFO: Routing: POST /admin/projects/database-setup/test {"REQUEST_URI":"\/admin\/projects\/database-setup\/test","GET[url]":"admin\/projects\/database-setup\/test","REDIRECT_URL":"\/admin\/projects\/database-setup\/test"}
[2026-01-02 07:38:33] INFO: Routing: POST /admin/projects/database-setup/save {"REQUEST_URI":"\/admin\/projects\/database-setup\/save","GET[url]":"admin\/projects\/database-setup\/save","REDIRECT_URL":"\/admin\/projects\/database-setup\/save"}
[2026-01-02 07:38:33] ERROR: Error [2]: chmod(): Operation not permitted in /www/wwwroot/test.mymultibranch.com/controllers/Admin/ProjectDatabaseController.php on line 298 
[2026-01-02 07:38:33] ERROR: Error [2]: file_put_contents(/www/wwwroot/test.mymultibranch.com/config/projects_db.php): Failed to open stream: Permission denied in /www/wwwroot/test.mymultibranch.com/controllers/Admin/ProjectDatabaseController.php on line 303 
[2026-01-02 07:38:34] INFO: Routing: GET /admin/projects/database-setup {"REQUEST_URI":"\/admin\/projects\/database-setup","GET[url]":"admin\/projects\/database-setup","REDIRECT_URL":"\/admin\/projects\/database-setup"}
[2026-01-02 07:38:35] INFO: Routing: GET /css/admin-responsive.css {"REQUEST_URI":"\/css\/admin-responsive.css?v=1767339514","GET[url]":"css\/admin-responsive.css","REDIRECT_URL":"\/css\/admin-responsive.css"}
[2026-01-02 07:39:00] INFO: Routing: GET /admin/projects/database-setup/codexpro {"REQUEST_URI":"\/admin\/projects\/database-setup\/codexpro","GET[url]":"admin\/projects\/database-setup\/codexpro","REDIRECT_URL":"\/admin\/projects\/database-setup\/codexpro"}
[2026-01-02 07:39:01] INFO: Routing: GET /css/admin-responsive.css {"REQUEST_URI":"\/css\/admin-responsive.css?v=1767339540","GET[url]":"css\/admin-responsive.css","REDIRECT_URL":"\/css\/admin-responsive.css"}
[2026-01-02 07:39:04] INFO: Routing: POST /admin/projects/database-setup/save {"REQUEST_URI":"\/admin\/projects\/database-setup\/save","GET[url]":"admin\/projects\/database-setup\/save","REDIRECT_URL":"\/admin\/projects\/database-setup\/save"}
[2026-01-02 07:39:04] ERROR: Error [2]: chmod(): Operation not permitted in /www/wwwroot/test.mymultibranch.com/controllers/Admin/ProjectDatabaseController.php on line 311 
[2026-01-02 07:39:05] INFO: Routing: GET /admin/projects/database-setup {"REQUEST_URI":"\/admin\/projects\/database-setup","GET[url]":"admin\/projects\/database-setup","REDIRECT_URL":"\/admin\/projects\/database-setup"}
[2026-01-02 07:39:06] INFO: Routing: GET /css/admin-responsive.css {"REQUEST_URI":"\/css\/admin-responsive.css?v=1767339545","GET[url]":"css\/admin-responsive.css","REDIRECT_URL":"\/css\/admin-responsive.css"}
[2026-01-02 07:39:08] INFO: Routing: GET / {"REQUEST_URI":"\/","GET[url]":"not set","REDIRECT_URL":"not set"}
[2026-01-02 07:39:08] ERROR: Error [2]: Undefined array key "value" in /www/wwwroot/test.mymultibranch.com/views/home.php on line 221 
[2026-01-02 07:39:08] ERROR: Error [8192]: htmlspecialchars(): Passing null to parameter #1 ($string) of type string is deprecated in /www/wwwroot/test.mymultibranch.com/views/home.php on line 221 
[2026-01-02 07:39:08] ERROR: Error [2]: Undefined array key "value" in /www/wwwroot/test.mymultibranch.com/views/home.php on line 221 
[2026-01-02 07:39:08] ERROR: Error [8192]: htmlspecialchars(): Passing null to parameter #1 ($string) of type string is deprecated in /www/wwwroot/test.mymultibranch.com/views/home.php on line 221 
[2026-01-02 07:39:08] ERROR: Error [2]: Undefined array key "value" in /www/wwwroot/test.mymultibranch.com/views/home.php on line 221 
[2026-01-02 07:39:08] ERROR: Error [8192]: htmlspecialchars(): Passing null to parameter #1 ($string) of type string is deprecated in /www/wwwroot/test.mymultibranch.com/views/home.php on line 221 
[2026-01-02 07:39:08] ERROR: Error [2]: Undefined array key "value" in /www/wwwroot/test.mymultibranch.com/views/home.php on line 221 
[2026-01-02 07:39:08] ERROR: Error [8192]: htmlspecialchars(): Passing null to parameter #1 ($string) of type string is deprecated in /www/wwwroot/test.mymultibranch.com/views/home.php on line 221 
[2026-01-02 07:39:10] INFO: Routing: GET /dashboard {"REQUEST_URI":"\/dashboard","GET[url]":"dashboard","REDIRECT_URL":"\/dashboard"}
[2026-01-02 07:39:13] INFO: Routing: GET /login {"REQUEST_URI":"\/login?return=%2Fprojects%2Fproshare%2F","GET[url]":"login","REDIRECT_URL":"\/login"}
[2026-01-02 07:39:13] INFO: Routing: GET /dashboard {"REQUEST_URI":"\/dashboard","GET[url]":"dashboard","REDIRECT_URL":"\/dashboard"}
[2026-01-02 07:39:16] INFO: Routing: GET /login {"REQUEST_URI":"\/login?return=%2Fprojects%2Fcodexpro%2F","GET[url]":"login","REDIRECT_URL":"\/login"}
[2026-01-02 07:39:16] INFO: Routing: GET /dashboard {"REQUEST_URI":"\/dashboard","GET[url]":"dashboard","REDIRECT_URL":"\/dashboard"}
[2026-01-02 07:40:23] INFO: Routing: GET /dashboard {"REQUEST_URI":"\/dashboard","GET[url]":"dashboard","REDIRECT_URL":"\/dashboard"}
[2026-01-02 07:40:27] INFO: Routing: GET / {"REQUEST_URI":"\/","GET[url]":"not set","REDIRECT_URL":"not set"}
[2026-01-02 07:40:27] ERROR: Error [2]: Undefined array key "value" in /www/wwwroot/test.mymultibranch.com/views/home.php on line 221 
[2026-01-02 07:40:27] ERROR: Error [8192]: htmlspecialchars(): Passing null to parameter #1 ($string) of type string is deprecated in /www/wwwroot/test.mymultibranch.com/views/home.php on line 221 
[2026-01-02 07:40:27] ERROR: Error [2]: Undefined array key "value" in /www/wwwroot/test.mymultibranch.com/views/home.php on line 221 
[2026-01-02 07:40:27] ERROR: Error [8192]: htmlspecialchars(): Passing null to parameter #1 ($string) of type string is deprecated in /www/wwwroot/test.mymultibranch.com/views/home.php on line 221 
[2026-01-02 07:40:27] ERROR: Error [2]: Undefined array key "value" in /www/wwwroot/test.mymultibranch.com/views/home.php on line 221 
[2026-01-02 07:40:27] ERROR: Error [8192]: htmlspecialchars(): Passing null to parameter #1 ($string) of type string is deprecated in /www/wwwroot/test.mymultibranch.com/views/home.php on line 221 
[2026-01-02 07:40:27] ERROR: Error [2]: Undefined array key "value" in /www/wwwroot/test.mymultibranch.com/views/home.php on line 221 
[2026-01-02 07:40:27] ERROR: Error [8192]: htmlspecialchars(): Passing null to parameter #1 ($string) of type string is deprecated in /www/wwwroot/test.mymultibranch.com/views/home.php on line 221 
[2026-01-02 07:40:35] INFO: Routing: GET /login {"REQUEST_URI":"\/login?return=%2Fprojects%2Fcodexpro%2F","GET[url]":"login","REDIRECT_URL":"\/login"}
[2026-01-02 07:40:35] INFO: Routing: GET /dashboard {"REQUEST_URI":"\/dashboard","GET[url]":"dashboard","REDIRECT_URL":"\/dashboard"}
[2026-01-02 07:41:15] INFO: Routing: GET /login {"REQUEST_URI":"\/login?return=%2Fprojects%2Fcodexpro%2F","GET[url]":"login","REDIRECT_URL":"\/login"}
[2026-01-02 07:41:16] INFO: Routing: GET /dashboard {"REQUEST_URI":"\/dashboard","GET[url]":"dashboard","REDIRECT_URL":"\/dashboard"}
[2026-01-02 07:41:38] INFO: Routing: GET / {"REQUEST_URI":"\/","GET[url]":"not set","REDIRECT_URL":"not set"}
[2026-01-02 07:41:38] ERROR: Error [2]: Undefined array key "value" in /www/wwwroot/test.mymultibranch.com/views/home.php on line 221 
[2026-01-02 07:41:38] ERROR: Error [8192]: htmlspecialchars(): Passing null to parameter #1 ($string) of type string is deprecated in /www/wwwroot/test.mymultibranch.com/views/home.php on line 221 
[2026-01-02 07:41:38] ERROR: Error [2]: Undefined array key "value" in /www/wwwroot/test.mymultibranch.com/views/home.php on line 221 
[2026-01-02 07:41:38] ERROR: Error [8192]: htmlspecialchars(): Passing null to parameter #1 ($string) of type string is deprecated in /www/wwwroot/test.mymultibranch.com/views/home.php on line 221 
[2026-01-02 07:41:38] ERROR: Error [2]: Undefined array key "value" in /www/wwwroot/test.mymultibranch.com/views/home.php on line 221 
[2026-01-02 07:41:38] ERROR: Error [8192]: htmlspecialchars(): Passing null to parameter #1 ($string) of type string is deprecated in /www/wwwroot/test.mymultibranch.com/views/home.php on line 221 
[2026-01-02 07:41:38] ERROR: Error [2]: Undefined array key "value" in /www/wwwroot/test.mymultibranch.com/views/home.php on line 221 
[2026-01-02 07:41:38] ERROR: Error [8192]: htmlspecialchars(): Passing null to parameter #1 ($string) of type string is deprecated in /www/wwwroot/test.mymultibranch.com/views/home.php on line 221 
[2026-01-02 07:42:15] INFO: Routing: GET /admin {"REQUEST_URI":"\/admin","GET[url]":"admin","REDIRECT_URL":"\/admin"}
[2026-01-02 07:42:22] INFO: Routing: GET /css/admin-responsive.css {"REQUEST_URI":"\/css\/admin-responsive.css?v=1767339741","GET[url]":"css\/admin-responsive.css","REDIRECT_URL":"\/css\/admin-responsive.css"}
[2026-01-02 07:42:26] INFO: Routing: GET / {"REQUEST_URI":"\/","GET[url]":"not set","REDIRECT_URL":"not set"}
[2026-01-02 07:42:26] ERROR: Error [2]: Undefined array key "value" in /www/wwwroot/test.mymultibranch.com/views/home.php on line 221 
[2026-01-02 07:42:26] ERROR: Error [8192]: htmlspecialchars(): Passing null to parameter #1 ($string) of type string is deprecated in /www/wwwroot/test.mymultibranch.com/views/home.php on line 221 
[2026-01-02 07:42:26] ERROR: Error [2]: Undefined array key "value" in /www/wwwroot/test.mymultibranch.com/views/home.php on line 221 
[2026-01-02 07:42:26] ERROR: Error [8192]: htmlspecialchars(): Passing null to parameter #1 ($string) of type string is deprecated in /www/wwwroot/test.mymultibranch.com/views/home.php on line 221 
[2026-01-02 07:42:26] ERROR: Error [2]: Undefined array key "value" in /www/wwwroot/test.mymultibranch.com/views/home.php on line 221 
[2026-01-02 07:42:26] ERROR: Error [8192]: htmlspecialchars(): Passing null to parameter #1 ($string) of type string is deprecated in /www/wwwroot/test.mymultibranch.com/views/home.php on line 221 
[2026-01-02 07:42:26] ERROR: Error [2]: Undefined array key "value" in /www/wwwroot/test.mymultibranch.com/views/home.php on line 221 
[2026-01-02 07:42:26] ERROR: Error [8192]: htmlspecialchars(): Passing null to parameter #1 ($string) of type string is deprecated in /www/wwwroot/test.mymultibranch.com/views/home.php on line 221 
[2026-01-02 07:42:36] INFO: Routing: GET /admin/security {"REQUEST_URI":"\/admin\/security","GET[url]":"admin\/security","REDIRECT_URL":"\/admin\/security"}
[2026-01-02 07:42:37] INFO: Routing: GET /css/admin-responsive.css {"REQUEST_URI":"\/css\/admin-responsive.css?v=1767339756","GET[url]":"css\/admin-responsive.css","REDIRECT_URL":"\/css\/admin-responsive.css"}
[2026-01-02 07:42:47] INFO: Routing: GET /admin/analytics/export {"REQUEST_URI":"\/admin\/analytics\/export","GET[url]":"admin\/analytics\/export","REDIRECT_URL":"\/admin\/analytics\/export"}
[2026-01-02 07:42:48] INFO: Routing: GET /css/admin-responsive.css {"REQUEST_URI":"\/css\/admin-responsive.css?v=1767339767","GET[url]":"css\/admin-responsive.css","REDIRECT_URL":"\/css\/admin-responsive.css"}
[2026-01-02 07:42:49] INFO: Routing: GET /admin/analytics/export {"REQUEST_URI":"\/admin\/analytics\/export?ajax=1&action=stats&date_from=2025-12-03&date_to=2026-01-02&timeframe=day","GET[url]":"admin\/analytics\/export","REDIRECT_URL":"\/admin\/analytics\/export"}
[2026-01-02 07:42:54] INFO: Routing: GET /admin/analytics/export {"REQUEST_URI":"\/admin\/analytics\/export?ajax=1&action=stats&date_from=2026-01-02&date_to=2026-01-02&timeframe=day","GET[url]":"admin\/analytics\/export","REDIRECT_URL":"\/admin\/analytics\/export"}
[2026-01-02 07:43:19] INFO: Routing: GET /admin/analytics/export {"REQUEST_URI":"\/admin\/analytics\/export?ajax=1&action=stats&date_from=2026-01-02&date_to=2026-01-02&timeframe=day","GET[url]":"admin\/analytics\/export","REDIRECT_URL":"\/admin\/analytics\/export"}
[2026-01-02 07:43:21] INFO: Routing: GET /dashboard {"REQUEST_URI":"\/dashboard","GET[url]":"dashboard","REDIRECT_URL":"\/dashboard"}
[2026-01-02 07:43:49] INFO: Routing: GET /admin/analytics/export {"REQUEST_URI":"\/admin\/analytics\/export?ajax=1&action=stats&date_from=2026-01-02&date_to=2026-01-02&timeframe=day","GET[url]":"admin\/analytics\/export","REDIRECT_URL":"\/admin\/analytics\/export"}
[2026-01-02 07:43:57] INFO: Routing: GET /activity {"REQUEST_URI":"\/activity","GET[url]":"activity","REDIRECT_URL":"\/activity"}
[2026-01-02 07:44:16] INFO: Routing: GET / {"REQUEST_URI":"\/","GET[url]":"not set","REDIRECT_URL":"not set"}
[2026-01-02 07:44:16] ERROR: Error [2]: Undefined array key "value" in /www/wwwroot/test.mymultibranch.com/views/home.php on line 221 
[2026-01-02 07:44:16] ERROR: Error [8192]: htmlspecialchars(): Passing null to parameter #1 ($string) of type string is deprecated in /www/wwwroot/test.mymultibranch.com/views/home.php on line 221 
[2026-01-02 07:44:16] ERROR: Error [2]: Undefined array key "value" in /www/wwwroot/test.mymultibranch.com/views/home.php on line 221 
[2026-01-02 07:44:16] ERROR: Error [8192]: htmlspecialchars(): Passing null to parameter #1 ($string) of type string is deprecated in /www/wwwroot/test.mymultibranch.com/views/home.php on line 221 
[2026-01-02 07:44:16] ERROR: Error [2]: Undefined array key "value" in /www/wwwroot/test.mymultibranch.com/views/home.php on line 221 
[2026-01-02 07:44:16] ERROR: Error [8192]: htmlspecialchars(): Passing null to parameter #1 ($string) of type string is deprecated in /www/wwwroot/test.mymultibranch.com/views/home.php on line 221 
[2026-01-02 07:44:16] ERROR: Error [2]: Undefined array key "value" in /www/wwwroot/test.mymultibranch.com/views/home.php on line 221 
[2026-01-02 07:44:16] ERROR: Error [8192]: htmlspecialchars(): Passing null to parameter #1 ($string) of type string is deprecated in /www/wwwroot/test.mymultibranch.com/views/home.php on line 221 
[2026-01-02 07:44:19] INFO: Routing: GET /admin/analytics/export {"REQUEST_URI":"\/admin\/analytics\/export?ajax=1&action=stats&date_from=2026-01-02&date_to=2026-01-02&timeframe=day","GET[url]":"admin\/analytics\/export","REDIRECT_URL":"\/admin\/analytics\/export"}
[2026-01-02 07:44:36] INFO: Routing: GET /admin/home-content {"REQUEST_URI":"\/admin\/home-content","GET[url]":"admin\/home-content","REDIRECT_URL":"\/admin\/home-content"}
[2026-01-02 07:44:36] INFO: Routing: GET /css/admin-responsive.css {"REQUEST_URI":"\/css\/admin-responsive.css?v=1767339876","GET[url]":"css\/admin-responsive.css","REDIRECT_URL":"\/css\/admin-responsive.css"}
[2026-01-02 07:44:56] INFO: Routing: GET /admin/home-content/stat/get/1 {"REQUEST_URI":"\/admin\/home-content\/stat\/get\/1","GET[url]":"admin\/home-content\/stat\/get\/1","REDIRECT_URL":"\/admin\/home-content\/stat\/get\/1"}
[2026-01-02 07:45:07] INFO: Routing: POST /admin/home-content/stat {"REQUEST_URI":"\/admin\/home-content\/stat","GET[url]":"admin\/home-content\/stat","REDIRECT_URL":"\/admin\/home-content\/stat"}
[2026-01-02 07:45:07] INFO: Home page stat updated {"user_id":3,"stat_id":"1"}
[2026-01-02 07:45:09] INFO: Routing: GET /admin/home-content {"REQUEST_URI":"\/admin\/home-content","GET[url]":"admin\/home-content","REDIRECT_URL":"\/admin\/home-content"}
[2026-01-02 07:45:09] INFO: Routing: GET /css/admin-responsive.css {"REQUEST_URI":"\/css\/admin-responsive.css?v=1767339909","GET[url]":"css\/admin-responsive.css","REDIRECT_URL":"\/css\/admin-responsive.css"}
[2026-01-02 07:45:14] INFO: Routing: GET / {"REQUEST_URI":"\/","GET[url]":"not set","REDIRECT_URL":"not set"}
[2026-01-02 07:45:14] ERROR: Error [2]: Undefined array key "value" in /www/wwwroot/test.mymultibranch.com/views/home.php on line 221 
[2026-01-02 07:45:14] ERROR: Error [8192]: htmlspecialchars(): Passing null to parameter #1 ($string) of type string is deprecated in /www/wwwroot/test.mymultibranch.com/views/home.php on line 221 
[2026-01-02 07:45:14] ERROR: Error [2]: Undefined array key "value" in /www/wwwroot/test.mymultibranch.com/views/home.php on line 221 
[2026-01-02 07:45:14] ERROR: Error [8192]: htmlspecialchars(): Passing null to parameter #1 ($string) of type string is deprecated in /www/wwwroot/test.mymultibranch.com/views/home.php on line 221 
[2026-01-02 07:45:14] ERROR: Error [2]: Undefined array key "value" in /www/wwwroot/test.mymultibranch.com/views/home.php on line 221 
[2026-01-02 07:45:14] ERROR: Error [8192]: htmlspecialchars(): Passing null to parameter #1 ($string) of type string is deprecated in /www/wwwroot/test.mymultibranch.com/views/home.php on line 221 
[2026-01-02 07:45:14] ERROR: Error [2]: Undefined array key "value" in /www/wwwroot/test.mymultibranch.com/views/home.php on line 221 
[2026-01-02 07:45:14] ERROR: Error [8192]: htmlspecialchars(): Passing null to parameter #1 ($string) of type string is deprecated in /www/wwwroot/test.mymultibranch.com/views/home.php on line 221 
[2026-01-02 07:46:07] INFO: Routing: GET / {"REQUEST_URI":"\/","GET[url]":"not set","REDIRECT_URL":"not set"}
[2026-01-02 07:46:07] ERROR: Error [2]: Undefined array key "value" in /www/wwwroot/test.mymultibranch.com/views/home.php on line 221 
[2026-01-02 07:46:07] ERROR: Error [8192]: htmlspecialchars(): Passing null to parameter #1 ($string) of type string is deprecated in /www/wwwroot/test.mymultibranch.com/views/home.php on line 221 
[2026-01-02 07:46:07] ERROR: Error [2]: Undefined array key "value" in /www/wwwroot/test.mymultibranch.com/views/home.php on line 221 
[2026-01-02 07:46:07] ERROR: Error [8192]: htmlspecialchars(): Passing null to parameter #1 ($string) of type string is deprecated in /www/wwwroot/test.mymultibranch.com/views/home.php on line 221 
[2026-01-02 07:46:07] ERROR: Error [2]: Undefined array key "value" in /www/wwwroot/test.mymultibranch.com/views/home.php on line 221 
[2026-01-02 07:46:07] ERROR: Error [8192]: htmlspecialchars(): Passing null to parameter #1 ($string) of type string is deprecated in /www/wwwroot/test.mymultibranch.com/views/home.php on line 221 
[2026-01-02 07:46:07] ERROR: Error [2]: Undefined array key "value" in /www/wwwroot/test.mymultibranch.com/views/home.php on line 221 
[2026-01-02 07:46:07] ERROR: Error [8192]: htmlspecialchars(): Passing null to parameter #1 ($string) of type string is deprecated in /www/wwwroot/test.mymultibranch.com/views/home.php on line 221 
[2026-01-02 07:46:16] INFO: Routing: GET /login {"REQUEST_URI":"\/login?return=%2Fprojects%2Fcodexpro%2F","GET[url]":"login","REDIRECT_URL":"\/login"}
[2026-01-02 07:46:17] INFO: Routing: GET /dashboard {"REQUEST_URI":"\/dashboard","GET[url]":"dashboard","REDIRECT_URL":"\/dashboard"}
[2026-01-02 07:46:49] INFO: Routing: GET / {"REQUEST_URI":"\/","GET[url]":"not set","REDIRECT_URL":"not set"}
[2026-01-02 07:46:49] ERROR: Error [2]: Undefined array key "value" in /www/wwwroot/test.mymultibranch.com/views/home.php on line 221 
[2026-01-02 07:46:49] ERROR: Error [8192]: htmlspecialchars(): Passing null to parameter #1 ($string) of type string is deprecated in /www/wwwroot/test.mymultibranch.com/views/home.php on line 221 
[2026-01-02 07:46:49] ERROR: Error [2]: Undefined array key "value" in /www/wwwroot/test.mymultibranch.com/views/home.php on line 221 
[2026-01-02 07:46:49] ERROR: Error [8192]: htmlspecialchars(): Passing null to parameter #1 ($string) of type string is deprecated in /www/wwwroot/test.mymultibranch.com/views/home.php on line 221 
[2026-01-02 07:46:49] ERROR: Error [2]: Undefined array key "value" in /www/wwwroot/test.mymultibranch.com/views/home.php on line 221 
[2026-01-02 07:46:49] ERROR: Error [8192]: htmlspecialchars(): Passing null to parameter #1 ($string) of type string is deprecated in /www/wwwroot/test.mymultibranch.com/views/home.php on line 221 
[2026-01-02 07:46:49] ERROR: Error [2]: Undefined array key "value" in /www/wwwroot/test.mymultibranch.com/views/home.php on line 221 
[2026-01-02 07:46:49] ERROR: Error [8192]: htmlspecialchars(): Passing null to parameter #1 ($string) of type string is deprecated in /www/wwwroot/test.mymultibranch.com/views/home.php on line 221 
[2026-01-02 07:46:53] INFO: Routing: GET / {"REQUEST_URI":"\/","GET[url]":"not set","REDIRECT_URL":"not set"}
[2026-01-02 07:46:53] ERROR: Error [2]: Undefined array key "value" in /www/wwwroot/test.mymultibranch.com/views/home.php on line 221 
[2026-01-02 07:46:53] ERROR: Error [8192]: htmlspecialchars(): Passing null to parameter #1 ($string) of type string is deprecated in /www/wwwroot/test.mymultibranch.com/views/home.php on line 221 
[2026-01-02 07:46:53] ERROR: Error [2]: Undefined array key "value" in /www/wwwroot/test.mymultibranch.com/views/home.php on line 221 
[2026-01-02 07:46:53] ERROR: Error [8192]: htmlspecialchars(): Passing null to parameter #1 ($string) of type string is deprecated in /www/wwwroot/test.mymultibranch.com/views/home.php on line 221 
[2026-01-02 07:46:53] ERROR: Error [2]: Undefined array key "value" in /www/wwwroot/test.mymultibranch.com/views/home.php on line 221 
[2026-01-02 07:46:53] ERROR: Error [8192]: htmlspecialchars(): Passing null to parameter #1 ($string) of type string is deprecated in /www/wwwroot/test.mymultibranch.com/views/home.php on line 221 
[2026-01-02 07:46:53] ERROR: Error [2]: Undefined array key "value" in /www/wwwroot/test.mymultibranch.com/views/home.php on line 221 
[2026-01-02 07:46:53] ERROR: Error [8192]: htmlspecialchars(): Passing null to parameter #1 ($string) of type string is deprecated in /www/wwwroot/test.mymultibranch.com/views/home.php on line 221 
[2026-01-02 07:46:55] INFO: Routing: GET / {"REQUEST_URI":"\/","GET[url]":"not set","REDIRECT_URL":"not set"}
[2026-01-02 07:46:55] ERROR: Error [2]: Undefined array key "value" in /www/wwwroot/test.mymultibranch.com/views/home.php on line 221 
[2026-01-02 07:46:55] ERROR: Error [8192]: htmlspecialchars(): Passing null to parameter #1 ($string) of type string is deprecated in /www/wwwroot/test.mymultibranch.com/views/home.php on line 221 
[2026-01-02 07:46:55] ERROR: Error [2]: Undefined array key "value" in /www/wwwroot/test.mymultibranch.com/views/home.php on line 221 
[2026-01-02 07:46:55] ERROR: Error [8192]: htmlspecialchars(): Passing null to parameter #1 ($string) of type string is deprecated in /www/wwwroot/test.mymultibranch.com/views/home.php on line 221 
[2026-01-02 07:46:55] ERROR: Error [2]: Undefined array key "value" in /www/wwwroot/test.mymultibranch.com/views/home.php on line 221 
[2026-01-02 07:46:55] ERROR: Error [8192]: htmlspecialchars(): Passing null to parameter #1 ($string) of type string is deprecated in /www/wwwroot/test.mymultibranch.com/views/home.php on line 221 
[2026-01-02 07:46:55] ERROR: Error [2]: Undefined array key "value" in /www/wwwroot/test.mymultibranch.com/views/home.php on line 221 
[2026-01-02 07:46:55] ERROR: Error [8192]: htmlspecialchars(): Passing null to parameter #1 ($string) of type string is deprecated in /www/wwwroot/test.mymultibranch.com/views/home.php on line 221 
[2026-01-02 07:47:16] INFO: Routing: GET / {"REQUEST_URI":"\/","GET[url]":"not set","REDIRECT_URL":"not set"}
[2026-01-02 07:47:16] ERROR: Error [2]: Undefined array key "value" in /www/wwwroot/test.mymultibranch.com/views/home.php on line 221 
[2026-01-02 07:47:16] ERROR: Error [8192]: htmlspecialchars(): Passing null to parameter #1 ($string) of type string is deprecated in /www/wwwroot/test.mymultibranch.com/views/home.php on line 221 
[2026-01-02 07:47:16] ERROR: Error [2]: Undefined array key "value" in /www/wwwroot/test.mymultibranch.com/views/home.php on line 221 
[2026-01-02 07:47:16] ERROR: Error [8192]: htmlspecialchars(): Passing null to parameter #1 ($string) of type string is deprecated in /www/wwwroot/test.mymultibranch.com/views/home.php on line 221 
[2026-01-02 07:47:16] ERROR: Error [2]: Undefined array key "value" in /www/wwwroot/test.mymultibranch.com/views/home.php on line 221 
[2026-01-02 07:47:16] ERROR: Error [8192]: htmlspecialchars(): Passing null to parameter #1 ($string) of type string is deprecated in /www/wwwroot/test.mymultibranch.com/views/home.php on line 221 
[2026-01-02 07:47:16] ERROR: Error [2]: Undefined array key "value" in /www/wwwroot/test.mymultibranch.com/views/home.php on line 221 
[2026-01-02 07:47:16] ERROR: Error [8192]: htmlspecialchars(): Passing null to parameter #1 ($string) of type string is deprecated in /www/wwwroot/test.mymultibranch.com/views/home.php on line 221 
[2026-01-02 07:47:33] INFO: Routing: GET /logout {"REQUEST_URI":"\/logout","GET[url]":"logout","REDIRECT_URL":"\/logout"}
[2026-01-02 07:47:34] INFO: Routing: GET / {"REQUEST_URI":"\/","GET[url]":"not set","REDIRECT_URL":"not set"}
[2026-01-02 07:47:34] ERROR: Error [2]: Undefined array key "value" in /www/wwwroot/test.mymultibranch.com/views/home.php on line 221 
[2026-01-02 07:47:34] ERROR: Error [8192]: htmlspecialchars(): Passing null to parameter #1 ($string) of type string is deprecated in /www/wwwroot/test.mymultibranch.com/views/home.php on line 221 
[2026-01-02 07:47:34] ERROR: Error [2]: Undefined array key "value" in /www/wwwroot/test.mymultibranch.com/views/home.php on line 221 
[2026-01-02 07:47:34] ERROR: Error [8192]: htmlspecialchars(): Passing null to parameter #1 ($string) of type string is deprecated in /www/wwwroot/test.mymultibranch.com/views/home.php on line 221 
[2026-01-02 07:47:34] ERROR: Error [2]: Undefined array key "value" in /www/wwwroot/test.mymultibranch.com/views/home.php on line 221 
[2026-01-02 07:47:34] ERROR: Error [8192]: htmlspecialchars(): Passing null to parameter #1 ($string) of type string is deprecated in /www/wwwroot/test.mymultibranch.com/views/home.php on line 221 
[2026-01-02 07:47:34] ERROR: Error [2]: Undefined array key "value" in /www/wwwroot/test.mymultibranch.com/views/home.php on line 221 
[2026-01-02 07:47:34] ERROR: Error [8192]: htmlspecialchars(): Passing null to parameter #1 ($string) of type string is deprecated in /www/wwwroot/test.mymultibranch.com/views/home.php on line 221 
[2026-01-02 07:47:36] INFO: Routing: GET / {"REQUEST_URI":"\/","GET[url]":"not set","REDIRECT_URL":"not set"}
[2026-01-02 07:47:36] ERROR: Error [2]: Undefined array key "value" in /www/wwwroot/test.mymultibranch.com/views/home.php on line 221 
[2026-01-02 07:47:36] ERROR: Error [8192]: htmlspecialchars(): Passing null to parameter #1 ($string) of type string is deprecated in /www/wwwroot/test.mymultibranch.com/views/home.php on line 221 
[2026-01-02 07:47:36] ERROR: Error [2]: Undefined array key "value" in /www/wwwroot/test.mymultibranch.com/views/home.php on line 221 
[2026-01-02 07:47:36] ERROR: Error [8192]: htmlspecialchars(): Passing null to parameter #1 ($string) of type string is deprecated in /www/wwwroot/test.mymultibranch.com/views/home.php on line 221 
[2026-01-02 07:47:36] ERROR: Error [2]: Undefined array key "value" in /www/wwwroot/test.mymultibranch.com/views/home.php on line 221 
[2026-01-02 07:47:36] ERROR: Error [8192]: htmlspecialchars(): Passing null to parameter #1 ($string) of type string is deprecated in /www/wwwroot/test.mymultibranch.com/views/home.php on line 221 
[2026-01-02 07:47:36] ERROR: Error [2]: Undefined array key "value" in /www/wwwroot/test.mymultibranch.com/views/home.php on line 221 
[2026-01-02 07:47:36] ERROR: Error [8192]: htmlspecialchars(): Passing null to parameter #1 ($string) of type string is deprecated in /www/wwwroot/test.mymultibranch.com/views/home.php on line 221 
[2026-01-02 07:47:38] INFO: Routing: GET /login {"REQUEST_URI":"\/login","GET[url]":"login","REDIRECT_URL":"\/login"}
[2026-01-02 07:47:48] INFO: Routing: POST /login {"REQUEST_URI":"\/login","GET[url]":"login","REDIRECT_URL":"\/login"}
[2026-01-02 07:47:50] INFO: Routing: GET /dashboard {"REQUEST_URI":"\/dashboard","GET[url]":"dashboard","REDIRECT_URL":"\/dashboard"}
[2026-01-02 07:47:53] INFO: Routing: GET /css/universal-theme.css {"REQUEST_URI":"\/css\/universal-theme.css","GET[url]":"css\/universal-theme.css","REDIRECT_URL":"\/css\/universal-theme.css"}
[2026-01-02 07:47:59] ERROR: Database connection failed: SQLSTATE[HY000] [1044] Access denied for user 'testuser'@'localhost' to database 'proshare' 
[2026-01-02 07:48:03] INFO: Routing: GET /css/universal-theme.css {"REQUEST_URI":"\/css\/universal-theme.css","GET[url]":"css\/universal-theme.css","REDIRECT_URL":"\/css\/universal-theme.css"}
[2026-01-02 07:48:07] INFO: Routing: GET / {"REQUEST_URI":"\/","GET[url]":"not set","REDIRECT_URL":"not set"}
[2026-01-02 07:48:07] ERROR: Error [2]: Undefined array key "value" in /www/wwwroot/test.mymultibranch.com/views/home.php on line 221 
[2026-01-02 07:48:07] ERROR: Error [8192]: htmlspecialchars(): Passing null to parameter #1 ($string) of type string is deprecated in /www/wwwroot/test.mymultibranch.com/views/home.php on line 221 
[2026-01-02 07:48:07] ERROR: Error [2]: Undefined array key "value" in /www/wwwroot/test.mymultibranch.com/views/home.php on line 221 
[2026-01-02 07:48:07] ERROR: Error [8192]: htmlspecialchars(): Passing null to parameter #1 ($string) of type string is deprecated in /www/wwwroot/test.mymultibranch.com/views/home.php on line 221 
[2026-01-02 07:48:07] ERROR: Error [2]: Undefined array key "value" in /www/wwwroot/test.mymultibranch.com/views/home.php on line 221 
[2026-01-02 07:48:07] ERROR: Error [8192]: htmlspecialchars(): Passing null to parameter #1 ($string) of type string is deprecated in /www/wwwroot/test.mymultibranch.com/views/home.php on line 221 
[2026-01-02 07:48:07] ERROR: Error [2]: Undefined array key "value" in /www/wwwroot/test.mymultibranch.com/views/home.php on line 221 
[2026-01-02 07:48:07] ERROR: Error [8192]: htmlspecialchars(): Passing null to parameter #1 ($string) of type string is deprecated in /www/wwwroot/test.mymultibranch.com/views/home.php on line 221 
[2026-01-02 07:49:16] INFO: Routing: GET /dashboard {"REQUEST_URI":"\/dashboard","GET[url]":"dashboard","REDIRECT_URL":"\/dashboard"}
[2026-01-02 07:49:22] INFO: Routing: POST /admin/home-content/project {"REQUEST_URI":"\/admin\/home-content\/project","GET[url]":"admin\/home-content\/project","REDIRECT_URL":"\/admin\/home-content\/project"}
[2026-01-02 07:49:23] INFO: Routing: GET /admin/home-content {"REQUEST_URI":"\/admin\/home-content","GET[url]":"admin\/home-content","REDIRECT_URL":"\/admin\/home-content"}
[2026-01-02 07:49:23] INFO: Routing: GET /css/admin-responsive.css {"REQUEST_URI":"\/css\/admin-responsive.css?v=1767340163","GET[url]":"css\/admin-responsive.css","REDIRECT_URL":"\/css\/admin-responsive.css"}
[2026-01-02 07:49:30] INFO: Routing: POST /admin/home-content/project {"REQUEST_URI":"\/admin\/home-content\/project","GET[url]":"admin\/home-content\/project","REDIRECT_URL":"\/admin\/home-content\/project"}
[2026-01-02 07:49:31] INFO: Routing: GET /admin/home-content {"REQUEST_URI":"\/admin\/home-content","GET[url]":"admin\/home-content","REDIRECT_URL":"\/admin\/home-content"}
[2026-01-02 07:49:32] INFO: Routing: GET /css/admin-responsive.css {"REQUEST_URI":"\/css\/admin-responsive.css?v=1767340171","GET[url]":"css\/admin-responsive.css","REDIRECT_URL":"\/css\/admin-responsive.css"}
[2026-01-02 07:49:43] INFO: Routing: GET /dashboard {"REQUEST_URI":"\/dashboard","GET[url]":"dashboard","REDIRECT_URL":"\/dashboard"}
[2026-01-02 07:50:44] INFO: Routing: GET / {"REQUEST_URI":"\/","GET[url]":"not set","REDIRECT_URL":"not set"}
[2026-01-02 07:50:44] ERROR: Error [2]: Undefined array key "value" in /www/wwwroot/test.mymultibranch.com/views/home.php on line 220 
[2026-01-02 07:50:44] ERROR: Error [8192]: htmlspecialchars(): Passing null to parameter #1 ($string) of type string is deprecated in /www/wwwroot/test.mymultibranch.com/views/home.php on line 220 
[2026-01-02 07:50:44] ERROR: Error [2]: Undefined array key "value" in /www/wwwroot/test.mymultibranch.com/views/home.php on line 220 
[2026-01-02 07:50:44] ERROR: Error [8192]: htmlspecialchars(): Passing null to parameter #1 ($string) of type string is deprecated in /www/wwwroot/test.mymultibranch.com/views/home.php on line 220 
[2026-01-02 07:50:44] ERROR: Error [2]: Undefined array key "value" in /www/wwwroot/test.mymultibranch.com/views/home.php on line 220 
[2026-01-02 07:50:44] ERROR: Error [8192]: htmlspecialchars(): Passing null to parameter #1 ($string) of type string is deprecated in /www/wwwroot/test.mymultibranch.com/views/home.php on line 220 
[2026-01-02 07:50:44] ERROR: Error [2]: Undefined array key "value" in /www/wwwroot/test.mymultibranch.com/views/home.php on line 220 
[2026-01-02 07:50:44] ERROR: Error [8192]: htmlspecialchars(): Passing null to parameter #1 ($string) of type string is deprecated in /www/wwwroot/test.mymultibranch.com/views/home.php on line 220 
[2026-01-02 07:50:52] INFO: Routing: GET / {"REQUEST_URI":"\/","GET[url]":"not set","REDIRECT_URL":"not set"}
[2026-01-02 07:50:52] ERROR: Error [2]: Undefined array key "value" in /www/wwwroot/test.mymultibranch.com/views/home.php on line 220 
[2026-01-02 07:50:52] ERROR: Error [8192]: htmlspecialchars(): Passing null to parameter #1 ($string) of type string is deprecated in /www/wwwroot/test.mymultibranch.com/views/home.php on line 220 
[2026-01-02 07:50:52] ERROR: Error [2]: Undefined array key "value" in /www/wwwroot/test.mymultibranch.com/views/home.php on line 220 
[2026-01-02 07:50:52] ERROR: Error [8192]: htmlspecialchars(): Passing null to parameter #1 ($string) of type string is deprecated in /www/wwwroot/test.mymultibranch.com/views/home.php on line 220 
[2026-01-02 07:50:52] ERROR: Error [2]: Undefined array key "value" in /www/wwwroot/test.mymultibranch.com/views/home.php on line 220 
[2026-01-02 07:50:52] ERROR: Error [8192]: htmlspecialchars(): Passing null to parameter #1 ($string) of type string is deprecated in /www/wwwroot/test.mymultibranch.com/views/home.php on line 220 
[2026-01-02 07:50:52] ERROR: Error [2]: Undefined array key "value" in /www/wwwroot/test.mymultibranch.com/views/home.php on line 220 
[2026-01-02 07:50:52] ERROR: Error [8192]: htmlspecialchars(): Passing null to parameter #1 ($string) of type string is deprecated in /www/wwwroot/test.mymultibranch.com/views/home.php on line 220 
[2026-01-02 07:50:59] INFO: Routing: GET / {"REQUEST_URI":"\/","GET[url]":"not set","REDIRECT_URL":"not set"}
[2026-01-02 07:50:59] ERROR: Error [2]: Undefined array key "value" in /www/wwwroot/test.mymultibranch.com/views/home.php on line 220 
[2026-01-02 07:50:59] ERROR: Error [8192]: htmlspecialchars(): Passing null to parameter #1 ($string) of type string is deprecated in /www/wwwroot/test.mymultibranch.com/views/home.php on line 220 
[2026-01-02 07:50:59] ERROR: Error [2]: Undefined array key "value" in /www/wwwroot/test.mymultibranch.com/views/home.php on line 220 
[2026-01-02 07:50:59] ERROR: Error [8192]: htmlspecialchars(): Passing null to parameter #1 ($string) of type string is deprecated in /www/wwwroot/test.mymultibranch.com/views/home.php on line 220 
[2026-01-02 07:50:59] ERROR: Error [2]: Undefined array key "value" in /www/wwwroot/test.mymultibranch.com/views/home.php on line 220 
[2026-01-02 07:50:59] ERROR: Error [8192]: htmlspecialchars(): Passing null to parameter #1 ($string) of type string is deprecated in /www/wwwroot/test.mymultibranch.com/views/home.php on line 220 
[2026-01-02 07:50:59] ERROR: Error [2]: Undefined array key "value" in /www/wwwroot/test.mymultibranch.com/views/home.php on line 220 
[2026-01-02 07:50:59] ERROR: Error [8192]: htmlspecialchars(): Passing null to parameter #1 ($string) of type string is deprecated in /www/wwwroot/test.mymultibranch.com/views/home.php on line 220 
[2026-01-02 07:53:08] INFO: Routing: GET /profile {"REQUEST_URI":"\/profile","GET[url]":"profile","REDIRECT_URL":"\/profile"}
[2026-01-02 07:53:14] INFO: Routing: GET / {"REQUEST_URI":"\/","GET[url]":"not set","REDIRECT_URL":"not set"}
[2026-01-02 07:53:14] ERROR: Error [2]: Undefined array key "value" in /www/wwwroot/test.mymultibranch.com/views/home.php on line 220 
[2026-01-02 07:53:14] ERROR: Error [8192]: htmlspecialchars(): Passing null to parameter #1 ($string) of type string is deprecated in /www/wwwroot/test.mymultibranch.com/views/home.php on line 220 
[2026-01-02 07:53:14] ERROR: Error [2]: Undefined array key "value" in /www/wwwroot/test.mymultibranch.com/views/home.php on line 220 
[2026-01-02 07:53:14] ERROR: Error [8192]: htmlspecialchars(): Passing null to parameter #1 ($string) of type string is deprecated in /www/wwwroot/test.mymultibranch.com/views/home.php on line 220 
[2026-01-02 07:53:14] ERROR: Error [2]: Undefined array key "value" in /www/wwwroot/test.mymultibranch.com/views/home.php on line 220 
[2026-01-02 07:53:14] ERROR: Error [8192]: htmlspecialchars(): Passing null to parameter #1 ($string) of type string is deprecated in /www/wwwroot/test.mymultibranch.com/views/home.php on line 220 
[2026-01-02 07:53:14] ERROR: Error [2]: Undefined array key "value" in /www/wwwroot/test.mymultibranch.com/views/home.php on line 220 
[2026-01-02 07:53:14] ERROR: Error [8192]: htmlspecialchars(): Passing null to parameter #1 ($string) of type string is deprecated in /www/wwwroot/test.mymultibranch.com/views/home.php on line 220 
[2026-01-02 07:59:44] INFO: Routing: GET /admin/navbar {"REQUEST_URI":"\/admin\/navbar","GET[url]":"admin\/navbar","REDIRECT_URL":"\/admin\/navbar"}
[2026-01-02 07:59:45] INFO: Routing: GET /css/admin-responsive.css {"REQUEST_URI":"\/css\/admin-responsive.css?v=1767340784","GET[url]":"css\/admin-responsive.css","REDIRECT_URL":"\/css\/admin-responsive.css"}
[2026-01-02 08:00:11] INFO: Routing: POST /admin/navbar/update {"REQUEST_URI":"\/admin\/navbar\/update","GET[url]":"admin\/navbar\/update","REDIRECT_URL":"\/admin\/navbar\/update"}
[2026-01-02 08:00:12] INFO: Routing: GET /admin/navbar {"REQUEST_URI":"\/admin\/navbar","GET[url]":"admin\/navbar","REDIRECT_URL":"\/admin\/navbar"}
[2026-01-02 08:00:13] INFO: Routing: GET /css/admin-responsive.css {"REQUEST_URI":"\/css\/admin-responsive.css?v=1767340812","GET[url]":"css\/admin-responsive.css","REDIRECT_URL":"\/css\/admin-responsive.css"}
[2026-01-02 08:00:15] INFO: Routing: GET / {"REQUEST_URI":"\/","GET[url]":"not set","REDIRECT_URL":"not set"}
[2026-01-02 08:00:15] ERROR: Error [2]: Undefined array key "value" in /www/wwwroot/test.mymultibranch.com/views/home.php on line 220 
[2026-01-02 08:00:15] ERROR: Error [8192]: htmlspecialchars(): Passing null to parameter #1 ($string) of type string is deprecated in /www/wwwroot/test.mymultibranch.com/views/home.php on line 220 
[2026-01-02 08:00:15] ERROR: Error [2]: Undefined array key "value" in /www/wwwroot/test.mymultibranch.com/views/home.php on line 220 
[2026-01-02 08:00:15] ERROR: Error [8192]: htmlspecialchars(): Passing null to parameter #1 ($string) of type string is deprecated in /www/wwwroot/test.mymultibranch.com/views/home.php on line 220 
[2026-01-02 08:00:15] ERROR: Error [2]: Undefined array key "value" in /www/wwwroot/test.mymultibranch.com/views/home.php on line 220 
[2026-01-02 08:00:15] ERROR: Error [8192]: htmlspecialchars(): Passing null to parameter #1 ($string) of type string is deprecated in /www/wwwroot/test.mymultibranch.com/views/home.php on line 220 
[2026-01-02 08:00:15] ERROR: Error [2]: Undefined array key "value" in /www/wwwroot/test.mymultibranch.com/views/home.php on line 220 
[2026-01-02 08:00:15] ERROR: Error [8192]: htmlspecialchars(): Passing null to parameter #1 ($string) of type string is deprecated in /www/wwwroot/test.mymultibranch.com/views/home.php on line 220 
[2026-01-02 08:05:38] INFO: Routing: GET / {"REQUEST_URI":"\/","GET[url]":"not set","REDIRECT_URL":"not set"}
[2026-01-02 08:05:38] ERROR: Error [2]: Undefined array key "value" in /www/wwwroot/test.mymultibranch.com/views/home.php on line 220 
[2026-01-02 08:05:38] ERROR: Error [8192]: htmlspecialchars(): Passing null to parameter #1 ($string) of type string is deprecated in /www/wwwroot/test.mymultibranch.com/views/home.php on line 220 
[2026-01-02 08:05:38] ERROR: Error [2]: Undefined array key "value" in /www/wwwroot/test.mymultibranch.com/views/home.php on line 220 
[2026-01-02 08:05:38] ERROR: Error [8192]: htmlspecialchars(): Passing null to parameter #1 ($string) of type string is deprecated in /www/wwwroot/test.mymultibranch.com/views/home.php on line 220 
[2026-01-02 08:05:38] ERROR: Error [2]: Undefined array key "value" in /www/wwwroot/test.mymultibranch.com/views/home.php on line 220 
[2026-01-02 08:05:38] ERROR: Error [8192]: htmlspecialchars(): Passing null to parameter #1 ($string) of type string is deprecated in /www/wwwroot/test.mymultibranch.com/views/home.php on line 220 
[2026-01-02 08:05:38] ERROR: Error [2]: Undefined array key "value" in /www/wwwroot/test.mymultibranch.com/views/home.php on line 220 
[2026-01-02 08:05:38] ERROR: Error [8192]: htmlspecialchars(): Passing null to parameter #1 ($string) of type string is deprecated in /www/wwwroot/test.mymultibranch.com/views/home.php on line 220 
[2026-01-02 08:05:48] INFO: Routing: GET /profile {"REQUEST_URI":"\/profile","GET[url]":"profile","REDIRECT_URL":"\/profile"}
[2026-01-02 08:06:00] INFO: Routing: GET /dashboard {"REQUEST_URI":"\/dashboard","GET[url]":"dashboard","REDIRECT_URL":"\/dashboard"}
[2026-01-02 08:06:16] INFO: Routing: GET /logout {"REQUEST_URI":"\/logout","GET[url]":"logout","REDIRECT_URL":"\/logout"}
[2026-01-02 08:06:17] INFO: Routing: GET / {"REQUEST_URI":"\/","GET[url]":"not set","REDIRECT_URL":"not set"}
[2026-01-02 08:06:17] ERROR: Error [2]: Undefined array key "value" in /www/wwwroot/test.mymultibranch.com/views/home.php on line 220 
[2026-01-02 08:06:17] ERROR: Error [8192]: htmlspecialchars(): Passing null to parameter #1 ($string) of type string is deprecated in /www/wwwroot/test.mymultibranch.com/views/home.php on line 220 
[2026-01-02 08:06:17] ERROR: Error [2]: Undefined array key "value" in /www/wwwroot/test.mymultibranch.com/views/home.php on line 220 
[2026-01-02 08:06:17] ERROR: Error [8192]: htmlspecialchars(): Passing null to parameter #1 ($string) of type string is deprecated in /www/wwwroot/test.mymultibranch.com/views/home.php on line 220 
[2026-01-02 08:06:17] ERROR: Error [2]: Undefined array key "value" in /www/wwwroot/test.mymultibranch.com/views/home.php on line 220 
[2026-01-02 08:06:17] ERROR: Error [8192]: htmlspecialchars(): Passing null to parameter #1 ($string) of type string is deprecated in /www/wwwroot/test.mymultibranch.com/views/home.php on line 220 
[2026-01-02 08:06:17] ERROR: Error [2]: Undefined array key "value" in /www/wwwroot/test.mymultibranch.com/views/home.php on line 220 
[2026-01-02 08:06:17] ERROR: Error [8192]: htmlspecialchars(): Passing null to parameter #1 ($string) of type string is deprecated in /www/wwwroot/test.mymultibranch.com/views/home.php on line 220 
[2026-01-02 08:06:52] INFO: Routing: GET / {"REQUEST_URI":"\/","GET[url]":"not set","REDIRECT_URL":"not set"}
[2026-01-02 08:06:52] ERROR: Error [2]: Undefined array key "value" in /www/wwwroot/test.mymultibranch.com/views/home.php on line 220 
[2026-01-02 08:06:52] ERROR: Error [8192]: htmlspecialchars(): Passing null to parameter #1 ($string) of type string is deprecated in /www/wwwroot/test.mymultibranch.com/views/home.php on line 220 
[2026-01-02 08:06:52] ERROR: Error [2]: Undefined array key "value" in /www/wwwroot/test.mymultibranch.com/views/home.php on line 220 
[2026-01-02 08:06:52] ERROR: Error [8192]: htmlspecialchars(): Passing null to parameter #1 ($string) of type string is deprecated in /www/wwwroot/test.mymultibranch.com/views/home.php on line 220 
[2026-01-02 08:06:52] ERROR: Error [2]: Undefined array key "value" in /www/wwwroot/test.mymultibranch.com/views/home.php on line 220 
[2026-01-02 08:06:52] ERROR: Error [8192]: htmlspecialchars(): Passing null to parameter #1 ($string) of type string is deprecated in /www/wwwroot/test.mymultibranch.com/views/home.php on line 220 
[2026-01-02 08:06:52] ERROR: Error [2]: Undefined array key "value" in /www/wwwroot/test.mymultibranch.com/views/home.php on line 220 
[2026-01-02 08:06:52] ERROR: Error [8192]: htmlspecialchars(): Passing null to parameter #1 ($string) of type string is deprecated in /www/wwwroot/test.mymultibranch.com/views/home.php on line 220 
[2026-01-02 08:21:33] INFO: Routing: GET / {"REQUEST_URI":"\/","GET[url]":"not set","REDIRECT_URL":"not set"}
[2026-01-02 08:21:33] ERROR: Query failed: SQLSTATE[42S22]: Column not found: 1054 Unknown column 'value' in 'SELECT' {"sql":"SELECT DISTINCT id, value, label, description, sort_order, is_active FROM home_stats WHERE is_active = 1 ORDER BY sort_order ASC LIMIT 8"}
